<?xml version="1.0" encoding="UTF-8"?>
<!-- Generated by org.testng.reporters.JUnitReportReporter -->
<testsuite hostname="shrinivas" failures="0" tests="3" name="testNG_Framework_Dependency_Methods_and_Grouping_Tests.Login_Tests" time="0.028" errors="0" timestamp="2024-09-15T14:52:19 IST" skipped="0">
  <testcase classname="testNG_Framework_Dependency_Methods_and_Grouping_Tests.Login_Tests" name="LoginByeMail" time="0.021"/>
  <system-out/>
  <testcase classname="testNG_Framework_Dependency_Methods_and_Grouping_Tests.Login_Tests" name="LoginByFaceBook" time="0.003"/>
  <system-out/>
  <testcase classname="testNG_Framework_Dependency_Methods_and_Grouping_Tests.Login_Tests" name="LoginByTwitter" time="0.004"/>
  <system-out/>
</testsuite> <!-- testNG_Framework_Dependency_Methods_and_Grouping_Tests.Login_Tests -->
