<?xml version="1.0" encoding="UTF-8"?>
<!-- Generated by org.testng.reporters.JUnitReportReporter -->
<testsuite hostname="shrinivas" failures="0" tests="4" name="testNGFrameworkPractice1.AllLoginTest" time="39.655" errors="0" timestamp="2025-02-16T17:36:54 IST" skipped="0">
  <testcase classname="testNGFrameworkPractice1.AllLoginTest" name="loginTest" time="11.693"/>
  <system-out/>
  <testcase classname="testNGFrameworkPractice1.AllLoginTest" name="instaLoginTest" time="7.899"/>
  <system-out/>
  <testcase classname="testNGFrameworkPractice1.AllLoginTest" name="cbloginTest" time="9.231"/>
  <system-out/>
  <testcase classname="testNGFrameworkPractice1.AllLoginTest" name="FBLoginTest" time="10.832"/>
  <system-out/>
</testsuite> <!-- testNGFrameworkPractice1.AllLoginTest -->
