<?xml version="1.0" encoding="UTF-8"?>
<!-- Generated by org.testng.reporters.JUnitReportReporter -->
<testsuite hostname="shrinivas" failures="0" tests="1" name="POM.OrangeHRMLoginTest" time="2.675" errors="0" timestamp="2025-02-14T16:43:13 IST" skipped="0">
  <testcase classname="POM.OrangeHRMLoginTest" name="OrangeHRMLoginTest" time="2.675"/>
  <system-out/>
</testsuite> <!-- POM.OrangeHRMLoginTest -->
