<?xml version="1.0" encoding="UTF-8"?>
<!-- Generated by org.testng.reporters.JUnitReportReporter -->
<testsuite hostname="shrinivas" failures="0" tests="2" name="GroupingInTestNG.GroupedTests" time="0.018" errors="0" timestamp="2025-02-16T16:31:07 IST" skipped="0">
  <testcase classname="GroupingInTestNG.GroupedTests" name="adminDashboardTest" time="0.002"/>
  <system-out/>
  <testcase classname="GroupingInTestNG.GroupedTests" name="loginTest" time="0.016"/>
  <system-out/>
</testsuite> <!-- GroupingInTestNG.GroupedTests -->
