<?xml version="1.0" encoding="UTF-8"?>
<!-- Generated by org.testng.reporters.JUnitReportReporter -->
<testsuite hostname="shrinivas" failures="0" tests="2" name="TestNG_Framework.BeforeMethod_And_AfterMethod_Annotations_Demo" time="0.037" errors="0" timestamp="2024-09-14T18:01:41 IST" skipped="0">
  <testcase classname="TestNG_Framework.BeforeMethod_And_AfterMethod_Annotations_Demo" name="Serch" time="0.032"/>
  <system-out/>
  <testcase classname="TestNG_Framework.BeforeMethod_And_AfterMethod_Annotations_Demo" name="AdvancedSerch" time="0.005"/>
  <system-out/>
</testsuite> <!-- TestNG_Framework.BeforeMethod_And_AfterMethod_Annotations_Demo -->
