<?xml version="1.0" encoding="UTF-8"?>
<!-- Generated by org.testng.reporters.JUnitReportReporter -->
<testsuite hostname="shrinivas" failures="0" tests="1" name="POMByUsingPageFactoryPractice1.InstagramLoginTest" time="0.666" errors="0" timestamp="2025-02-18T16:39:35 IST" skipped="0">
  <testcase classname="POMByUsingPageFactoryPractice1.InstagramLoginTest" name="instagram1LoginTest" time="0.666"/>
  <system-out/>
</testsuite> <!-- POMByUsingPageFactoryPractice1.InstagramLoginTest -->
