<?xml version="1.0" encoding="UTF-8"?>
<!-- Generated by org.testng.reporters.JUnitReportReporter -->
<testsuite hostname="shrinivas" failures="0" tests="1" name="TestNGByUdemey.LoanDepartment" time="0.015" errors="0" timestamp="2024-12-06T18:41:25 IST" skipped="0">
  <testcase classname="TestNGByUdemey.LoanDepartment" name="loan" time="0.015"/>
  <system-out/>
</testsuite> <!-- TestNGByUdemey.LoanDepartment -->
