<?xml version="1.0" encoding="UTF-8"?>
<!-- Generated by org.testng.reporters.JUnitReportReporter -->
<testsuite hostname="shrinivas" failures="0" tests="1" name="TestNG_Assertions.Hard_Assertion_Demo" time="0.023" errors="0" timestamp="2024-09-15T11:47:26 IST" skipped="0">
  <testcase classname="TestNG_Assertions.Hard_Assertion_Demo" name="Test" time="0.023"/>
  <system-out/>
</testsuite> <!-- TestNG_Assertions.Hard_Assertion_Demo -->
