<?xml version="1.0" encoding="UTF-8"?>
<!-- Generated by org.testng.reporters.JUnitReportReporter -->
<testsuite hostname="shrinivas" failures="0" tests="3" name="testNG_Framework_Dependency_Methods_and_Grouping_Tests.SignUp_Tests" time="0.025" errors="0" timestamp="2024-09-15T15:03:05 IST" skipped="0">
  <testcase classname="testNG_Framework_Dependency_Methods_and_Grouping_Tests.SignUp_Tests" name="SignUpByEmail" time="0.021"/>
  <system-out/>
  <testcase classname="testNG_Framework_Dependency_Methods_and_Grouping_Tests.SignUp_Tests" name="SignUpByFaceBook" time="0.002"/>
  <system-out/>
  <testcase classname="testNG_Framework_Dependency_Methods_and_Grouping_Tests.SignUp_Tests" name="SignUpByTwitter" time="0.002"/>
  <system-out/>
</testsuite> <!-- testNG_Framework_Dependency_Methods_and_Grouping_Tests.SignUp_Tests -->
