<?xml version="1.0" encoding="UTF-8"?>
<!-- Generated by org.testng.reporters.JUnitReportReporter -->
<testsuite hostname="shrinivas" failures="0" tests="1" name="testNGParallelExecution1.CricBuzzLoginTest" time="8.853" errors="0" timestamp="2025-02-21T17:13:44 IST" skipped="0">
  <testcase classname="testNGParallelExecution1.CricBuzzLoginTest" name="cbloginTest" time="8.853"/>
  <system-out/>
</testsuite> <!-- testNGParallelExecution1.CricBuzzLoginTest -->
