<?xml version="1.0" encoding="UTF-8"?>
<!-- Generated by org.testng.reporters.JUnitReportReporter -->
<testsuite hostname="shrinivas" failures="0" tests="1" name="testNGFrameworkPractice1.OrangeHRMLoginTest" time="12.355" errors="0" timestamp="2025-02-16T17:44:39 IST" skipped="0">
  <testcase classname="testNGFrameworkPractice1.OrangeHRMLoginTest" name="loginTest" time="12.355"/>
  <system-out/>
</testsuite> <!-- testNGFrameworkPractice1.OrangeHRMLoginTest -->
