<?xml version="1.0" encoding="UTF-8"?>
<!-- Generated by org.testng.reporters.JUnitReportReporter -->
<testsuite hostname="shrinivas" failures="0" tests="1" name="POMByUsingPageFactoryPractice1.FaceBookLoginTest" time="0.488" errors="0" timestamp="2025-02-18T16:39:35 IST" skipped="0">
  <testcase classname="POMByUsingPageFactoryPractice1.FaceBookLoginTest" name="fbLoginTest" time="0.488"/>
  <system-out/>
</testsuite> <!-- POMByUsingPageFactoryPractice1.FaceBookLoginTest -->
