<?xml version="1.0" encoding="UTF-8"?>
<!-- Generated by org.testng.reporters.JUnitReportReporter -->
<testsuite hostname="shrinivas" failures="0" tests="4" name="TestNGByUdemey.HomeLoan" time="0.038" errors="0" timestamp="2024-12-06T18:41:25 IST" skipped="1">
  <testcase classname="TestNGByUdemey.HomeLoan" name="LoginAPIHomeLoan" time="0.021"/>
  <system-out/>
  <testcase classname="TestNGByUdemey.HomeLoan" name="WebLoginHomeLoan" time="0.003"/>
  <system-out/>
  <testcase classname="TestNGByUdemey.HomeLoan" name="Parameterisation" time="0.014"/>
  <system-out/>
  <testcase classname="TestNGByUdemey.HomeLoan" name="MobileLoginHomeLoan">
    <skipped/>
  </testcase> <!-- MobileLoginHomeLoan -->
  <system-out/>
</testsuite> <!-- TestNGByUdemey.HomeLoan -->
