<?xml version="1.0" encoding="UTF-8"?>
<!-- Generated by org.testng.reporters.JUnitReportReporter -->
<testsuite hostname="shrinivas" failures="0" tests="1" name="POMWithoutUsingPageFactoryPractice1.InstagramLoginTest" time="0.321" errors="0" timestamp="2025-02-21T17:22:31 IST" skipped="0">
  <testcase classname="POMWithoutUsingPageFactoryPractice1.InstagramLoginTest" name="instagram1LoginTest" time="0.321"/>
  <system-out/>
</testsuite> <!-- POMWithoutUsingPageFactoryPractice1.InstagramLoginTest -->
