<?xml version="1.0" encoding="UTF-8"?>
<!-- Generated by org.testng.reporters.JUnitReportReporter -->
<testsuite hostname="shrinivas" failures="0" tests="1" name="TestNG.NewTest" time="0.013" errors="0" timestamp="2024-12-05T05:31:15 IST" skipped="0">
  <testcase classname="TestNG.NewTest" name="f" time="0.013"/>
  <system-out/>
</testsuite> <!-- TestNG.NewTest -->
