<?xml version="1.0" encoding="UTF-8"?>
<!-- Generated by org.testng.reporters.JUnitReportReporter -->
<testsuite hostname="shrinivas" failures="0" tests="1" name="Udemy.CountingTheNumberOfNamesStartingWithAlphabetAInList" time="0.012" errors="0" timestamp="2024-12-03T05:13:37 IST" skipped="0">
  <testcase classname="Udemy.CountingTheNumberOfNamesStartingWithAlphabetAInList" name="StreamCollect" time="0.012"/>
  <system-out/>
</testsuite> <!-- Udemy.CountingTheNumberOfNamesStartingWithAlphabetAInList -->
