<?xml version="1.0" encoding="UTF-8"?>
<!-- Generated by org.testng.reporters.JUnitReportReporter -->
<testsuite hostname="shrinivas" failures="0" tests="2" name="testNG_Framework_For_BeforeSuite_and_AfterSuite_Annotations.Class_2" time="0.004" errors="0" timestamp="2024-09-14T19:49:10 IST" skipped="0">
  <testcase classname="testNG_Framework_For_BeforeSuite_and_AfterSuite_Annotations.Class_2" name="xyz" time="0.001"/>
  <system-out/>
  <testcase classname="testNG_Framework_For_BeforeSuite_and_AfterSuite_Annotations.Class_2" name="xyz" time="0.003"/>
  <system-out/>
</testsuite> <!-- testNG_Framework_For_BeforeSuite_and_AfterSuite_Annotations.Class_2 -->
