<?xml version="1.0" encoding="UTF-8"?>
<!-- Generated by org.testng.reporters.JUnitReportReporter -->
<testsuite hostname="shrinivas" failures="0" tests="1" name="POMWithoutUsingPageFactoryPractice1.FaceBookLoginTest" time="0.297" errors="0" timestamp="2025-02-18T15:58:05 IST" skipped="0">
  <testcase classname="POMWithoutUsingPageFactoryPractice1.FaceBookLoginTest" name="fbLoginTest" time="0.297"/>
  <system-out/>
</testsuite> <!-- POMWithoutUsingPageFactoryPractice1.FaceBookLoginTest -->
