<?xml version="1.0" encoding="UTF-8"?>
<!-- Generated by org.testng.reporters.JUnitReportReporter -->
<testsuite hostname="shrinivas" failures="0" tests="1" name="Page_Object_Model_POM.LoginTest" time="0.529" errors="0" timestamp="2024-09-20T19:48:06 IST" skipped="0">
  <testcase classname="Page_Object_Model_POM.LoginTest" name="testLogin" time="0.529"/>
  <system-out/>
</testsuite> <!-- Page_Object_Model_POM.LoginTest -->
