<?xml version="1.0" encoding="UTF-8"?>
<!-- Generated by org.testng.reporters.JUnitReportReporter -->
<testsuite hostname="shrinivas" failures="0" tests="3" name="TestNG_Framework.OrangeHRM_Test" time="8.273" errors="0" timestamp="2024-09-14T15:24:04 IST" skipped="0">
  <testcase classname="TestNG_Framework.OrangeHRM_Test" name="openApplication" time="3.325"/>
  <system-out/>
  <testcase classname="TestNG_Framework.OrangeHRM_Test" name="testLogo" time="0.457"/>
  <system-out/>
  <testcase classname="TestNG_Framework.OrangeHRM_Test" name="testLogin" time="4.491"/>
  <system-out/>
</testsuite> <!-- TestNG_Framework.OrangeHRM_Test -->
