<?xml version="1.0" encoding="UTF-8"?>
<!-- Generated by org.testng.reporters.JUnitReportReporter -->
<testsuite hostname="shrinivas" failures="0" tests="1" name="Page_Object_Model_POM.LoginTest2" time="0.725" errors="0" timestamp="2024-09-20T21:32:15 IST" skipped="0">
  <testcase classname="Page_Object_Model_POM.LoginTest2" name="testLogin" time="0.725"/>
  <system-out/>
</testsuite> <!-- Page_Object_Model_POM.LoginTest2 -->
