<?xml version="1.0" encoding="UTF-8"?>
<!-- Generated by org.testng.reporters.JUnitReportReporter -->
<testsuite hostname="shrinivas" failures="0" tests="2" name="testNG_Framework_For_BeforeTest_and_AfterTest_Annotations.Class_1" time="0.025" errors="0" timestamp="2024-09-14T19:35:22 IST" skipped="0">
  <testcase classname="testNG_Framework_For_BeforeTest_and_AfterTest_Annotations.Class_1" name="ABC" time="0.002"/>
  <system-out/>
  <testcase classname="testNG_Framework_For_BeforeTest_and_AfterTest_Annotations.Class_1" name="ABC" time="0.023"/>
  <system-out/>
</testsuite> <!-- testNG_Framework_For_BeforeTest_and_AfterTest_Annotations.Class_1 -->
