<?xml version="1.0" encoding="UTF-8"?>
<!-- Generated by org.testng.reporters.JUnitReportReporter -->
<testsuite hostname="shrinivas" failures="0" tests="5" name="TestNGByUdemey.LoginForLoans" time="0.051" errors="0" timestamp="2024-12-06T18:41:25 IST" skipped="0">
  <testcase classname="TestNGByUdemey.LoginForLoans" name="WebLoginCarLoan" time="0.005"/>
  <system-out/>
  <testcase classname="TestNGByUdemey.LoginForLoans" name="MobileLoginCarLoan2" time="0.004"/>
  <system-out/>
  <testcase classname="TestNGByUdemey.LoginForLoans" name="MobileLoginCarLoan1" time="0.008"/>
  <system-out/>
  <testcase classname="TestNGByUdemey.LoginForLoans" name="LoginAPICarLoan" time="0.004"/>
  <system-out/>
  <testcase classname="TestNGByUdemey.LoginForLoans" name="MobileLoginCarLoan" time="0.030"/>
  <system-out/>
</testsuite> <!-- TestNGByUdemey.LoginForLoans -->
