<?xml version="1.0" encoding="UTF-8"?>
<!-- Generated by org.testng.reporters.JUnitReportReporter -->
<testsuite hostname="shrinivas" failures="0" tests="2" name="TestNG_Framework_all_In_One_Annotations.All_In_One_Annotations" time="0.018" errors="0" timestamp="2024-09-15T05:33:40 IST" skipped="0">
  <testcase classname="TestNG_Framework_all_In_One_Annotations.All_In_One_Annotations" name="tm1" time="0.014"/>
  <system-out/>
  <testcase classname="TestNG_Framework_all_In_One_Annotations.All_In_One_Annotations" name="tm2" time="0.004"/>
  <system-out/>
</testsuite> <!-- TestNG_Framework_all_In_One_Annotations.All_In_One_Annotations -->
