<?xml version="1.0" encoding="UTF-8"?>
<!-- Generated by org.testng.reporters.JUnitReportReporter -->
<testsuite hostname="shrinivas" failures="0" tests="1" name="extentReportPractice1.ExtentReportDemo" time="12.854" errors="0" timestamp="2025-02-17T18:20:25 IST" skipped="0">
  <testcase classname="extentReportPractice1.ExtentReportDemo" name="initialDemo" time="12.854"/>
  <system-out/>
</testsuite> <!-- extentReportPractice1.ExtentReportDemo -->
