<?xml version="1.0" encoding="UTF-8"?>
<!-- Generated by org.testng.reporters.JUnitReportReporter -->
<testsuite hostname="shrinivas" failures="0" tests="1" name="testNGParallelExecution1.CricBuzzLoginTest" time="11.436" errors="0" timestamp="2025-02-16T17:52:34 IST" skipped="0">
  <testcase classname="testNGParallelExecution1.CricBuzzLoginTest" name="cbloginTest" time="11.436"/>
  <system-out/>
</testsuite> <!-- testNGParallelExecution1.CricBuzzLoginTest -->
