<?xml version="1.0" encoding="UTF-8"?>
<!-- Generated by org.testng.reporters.JUnitReportReporter -->
<testsuite hostname="shrinivas" failures="0" tests="1" name="testNGFramework.OrangeHRMLoginTest" time="16.896" errors="0" timestamp="2025-02-14T15:49:18 IST" skipped="0">
  <testcase classname="testNGFramework.OrangeHRMLoginTest" name="loginTest" time="16.896"/>
  <system-out/>
</testsuite> <!-- testNGFramework.OrangeHRMLoginTest -->
