<?xml version="1.0" encoding="UTF-8"?>
<!-- Generated by org.testng.reporters.JUnitReportReporter -->
<testsuite hostname="shrinivas" failures="0" tests="2" name="TestNG_Framework.BeforeClass_and_AfterClass_Annotations_Demo" time="0.019" errors="0" timestamp="2024-09-14T18:29:34 IST" skipped="0">
  <testcase classname="TestNG_Framework.BeforeClass_and_AfterClass_Annotations_Demo" name="Search" time="0.016"/>
  <system-out/>
  <testcase classname="TestNG_Framework.BeforeClass_and_AfterClass_Annotations_Demo" name="AdvancedSearch" time="0.003"/>
  <system-out/>
</testsuite> <!-- TestNG_Framework.BeforeClass_and_AfterClass_Annotations_Demo -->
