<?xml version="1.0" encoding="UTF-8"?>
<!-- Generated by org.testng.reporters.JUnitReportReporter -->
<testsuite hostname="shrinivas" failures="0" tests="1" name="POMWithoutUsingPageFactoryPractice1.CricBuzzLoginTest" time="1.680" errors="0" timestamp="2025-02-18T15:49:27 IST" skipped="0">
  <testcase classname="POMWithoutUsingPageFactoryPractice1.CricBuzzLoginTest" name="OrangeHRMLoginTest" time="1.680"/>
  <system-out/>
</testsuite> <!-- POMWithoutUsingPageFactoryPractice1.CricBuzzLoginTest -->
