<?xml version="1.0" encoding="UTF-8"?>
<!-- Generated by org.testng.reporters.JUnitReportReporter -->
<testsuite hostname="shrinivas" failures="0" tests="1" name="POMWithoutUsingPageFactoryPractice1.OrangeHRMLoginTest" time="2.668" errors="0" timestamp="2025-02-18T15:43:23 IST" skipped="0">
  <testcase classname="POMWithoutUsingPageFactoryPractice1.OrangeHRMLoginTest" name="OrangeHRMLoginTest" time="2.668"/>
  <system-out/>
</testsuite> <!-- POMWithoutUsingPageFactoryPractice1.OrangeHRMLoginTest -->
