<?xml version="1.0" encoding="UTF-8"?>
<!-- Generated by org.testng.reporters.JUnitReportReporter -->
<testsuite hostname="shrinivas" failures="0" tests="2" name="testNG_Framework_Dependency_Methods_and_Grouping_Tests.Payment_Tests" time="0.005" errors="0" timestamp="2024-09-15T15:02:26 IST" skipped="0">
  <testcase classname="testNG_Framework_Dependency_Methods_and_Grouping_Tests.Payment_Tests" name="PaymentInRupees" time="0.003"/>
  <system-out/>
  <testcase classname="testNG_Framework_Dependency_Methods_and_Grouping_Tests.Payment_Tests" name="PaymentInDollars" time="0.002"/>
  <system-out/>
</testsuite> <!-- testNG_Framework_Dependency_Methods_and_Grouping_Tests.Payment_Tests -->
